生成启动时间为 2020/4/21 18:05:46。
     1>项目“E:\c-code\test_4_21\test_4_21\test_4_21.vcxproj”在节点 2 上(Build 个目标)。
     1>ClCompile:
         C:\Program Files (x86)\Microsoft Visual Studio 12.0\VC\bin\CL.exe /c /ZI /nologo /W3 /WX- /sdl /Od /Oy- /D _MBCS /Gm /EHsc /RTC1 /MDd /GS /fp:precise /Zc:wchar_t /Zc:forScope /Fo"Debug\\" /Fd"Debug\vc120.pdb" /Gd /TP /analyze- /errorReport:prompt "源.cpp"
         源.cpp
     1>e:\c-code\test_4_21\test_4_21\源.cpp(119): error C2001: 常量中有换行符
     1>e:\c-code\test_4_21\test_4_21\源.cpp(120): error C2017: 非法的转义序列
     1>e:\c-code\test_4_21\test_4_21\源.cpp(121): error C2065: “n”: 未声明的标识符
     1>e:\c-code\test_4_21\test_4_21\源.cpp(121): error C2017: 非法的转义序列
     1>e:\c-code\test_4_21\test_4_21\源.cpp(122): error C2065: “n”: 未声明的标识符
     1>e:\c-code\test_4_21\test_4_21\源.cpp(122): error C2017: 非法的转义序列
     1>e:\c-code\test_4_21\test_4_21\源.cpp(123): error C2065: “n”: 未声明的标识符
     1>e:\c-code\test_4_21\test_4_21\源.cpp(123): error C2017: 非法的转义序列
     1>e:\c-code\test_4_21\test_4_21\源.cpp(123): error C2001: 常量中有换行符
     1>e:\c-code\test_4_21\test_4_21\源.cpp(123): error C2143: 语法错误 : 缺少“)”(在“字符串”的前面)
     1>已完成生成项目“E:\c-code\test_4_21\test_4_21\test_4_21.vcxproj”(Build 个目标)的操作 - 失败。

生成失败。

已用时间 00:00:00.57
